0 info it worked if it ends with ok
1 verbose cli [ 'C:\\Program Files (x86)\\nodejs\\\\node.exe',
1 verbose cli   'C:\\Program Files (x86)\\nodejs\\node_modules\\npm\\bin\\npm-cli.js',
1 verbose cli   'install',
1 verbose cli   '-g',
1 verbose cli   'n' ]
2 info using npm@2.11.3
3 info using node@v0.12.7
4 verbose install initial load of C:\Users\joonsun\AppData\Roaming\npm\package.json
5 verbose readDependencies loading dependencies from C:\Users\joonsun\AppData\Roaming\npm\package.json
6 silly cache add args [ 'n', null ]
7 verbose cache add spec n
8 silly cache add parsed spec { raw: 'n',
8 silly cache add   scope: null,
8 silly cache add   name: 'n',
8 silly cache add   rawSpec: '',
8 silly cache add   spec: '*',
8 silly cache add   type: 'range' }
9 silly addNamed n@*
10 verbose addNamed "*" is a valid semver range for n
11 silly addNameRange { name: 'n', range: '*', hasData: false }
12 silly mapToRegistry name n
13 silly mapToRegistry using default registry
14 silly mapToRegistry registry https://registry.npmjs.org/
15 silly mapToRegistry uri https://registry.npmjs.org/n
16 verbose addNameRange registry:https://registry.npmjs.org/n not in flight; fetching
17 verbose request uri https://registry.npmjs.org/n
18 verbose request no auth needed
19 info attempt registry request try #1 at 17:40:33
20 verbose request id c7d3e4ac424315df
21 http request GET https://registry.npmjs.org/n
22 http 200 https://registry.npmjs.org/n
23 silly get cb [ 200,
23 silly get   { server: 'nginx/1.10.3',
23 silly get     'content-type': 'application/json',
23 silly get     'last-modified': 'Fri, 02 Jun 2017 14:26:51 GMT',
23 silly get     etag: 'W/"593175ab-10f3e"',
23 silly get     'content-encoding': 'gzip',
23 silly get     'cache-control': 'max-age=300',
23 silly get     'content-length': '11420',
23 silly get     'accept-ranges': 'bytes',
23 silly get     date: 'Thu, 08 Jun 2017 08:40:41 GMT',
23 silly get     via: '1.1 varnish',
23 silly get     age: '146',
23 silly get     connection: 'keep-alive',
23 silly get     'x-served-by': 'cache-lax8650-LAX',
23 silly get     'x-cache': 'HIT',
23 silly get     'x-cache-hits': '1',
23 silly get     'x-timer': 'S1496911242.974400,VS0,VE1',
23 silly get     vary: 'Accept-Encoding' } ]
24 verbose get saving n to C:\Users\joonsun\AppData\Roaming\npm-cache\registry.npmjs.org\n\.cache.json
25 verbose getCacheStat cache creation not in flight; initializing
26 verbose makeCacheDir UID & GID are irrelevant on win32
27 silly addNameRange number 2 { name: 'n', range: '*', hasData: true }
28 silly addNameRange versions [ 'n',
28 silly addNameRange   [ '0.0.1',
28 silly addNameRange     '0.0.2',
28 silly addNameRange     '0.0.3',
28 silly addNameRange     '0.0.4',
28 silly addNameRange     '0.1.0',
28 silly addNameRange     '0.1.1',
28 silly addNameRange     '0.1.2',
28 silly addNameRange     '0.2.0',
28 silly addNameRange     '0.2.1',
28 silly addNameRange     '0.2.2',
28 silly addNameRange     '0.3.0',
28 silly addNameRange     '0.4.0',
28 silly addNameRange     '0.4.1',
28 silly addNameRange     '0.4.2',
28 silly addNameRange     '0.5.0',
28 silly addNameRange     '0.5.1',
28 silly addNameRange     '0.5.2',
28 silly addNameRange     '0.5.3',
28 silly addNameRange     '0.5.4',
28 silly addNameRange     '0.6.0',
28 silly addNameRange     '0.6.1',
28 silly addNameRange     '0.7.0',
28 silly addNameRange     '0.7.1',
28 silly addNameRange     '0.7.2',
28 silly addNameRange     '0.7.3',
28 silly addNameRange     '0.8.0',
28 silly addNameRange     '0.8.1',
28 silly addNameRange     '0.8.2',
28 silly addNameRange     '0.9.0',
28 silly addNameRange     '0.9.1',
28 silly addNameRange     '0.9.2',
28 silly addNameRange     '0.9.3',
28 silly addNameRange     '1.0.0',
28 silly addNameRange     '1.1.0',
28 silly addNameRange     '1.2.1',
28 silly addNameRange     '1.2.2',
28 silly addNameRange     '1.2.3',
28 silly addNameRange     '1.2.4',
28 silly addNameRange     '1.2.5',
28 silly addNameRange     '1.2.6',
28 silly addNameRange     '1.2.7',
28 silly addNameRange     '1.2.8',
28 silly addNameRange     '1.2.9',
28 silly addNameRange     '1.2.11',
28 silly addNameRange     '1.2.13',
28 silly addNameRange     '1.2.14',
28 silly addNameRange     '1.3.0',
28 silly addNameRange     '1.4.0',
28 silly addNameRange     '2.0.0',
28 silly addNameRange     '1.4.1',
28 silly addNameRange     '2.0.1',
28 silly addNameRange     '1.4.2',
28 silly addNameRange     '2.0.2',
28 silly addNameRange     '2.1.0',
28 silly addNameRange     '2.1.1',
28 silly addNameRange     '2.1.2',
28 silly addNameRange     '2.1.3',
28 silly addNameRange     '2.1.4',
28 silly addNameRange     '2.1.5',
28 silly addNameRange     '2.1.6',
28 silly addNameRange     '2.1.7' ] ]
29 silly addNamed n@2.1.7
30 verbose addNamed "2.1.7" is a plain semver version for n
31 silly mapToRegistry name n
32 silly mapToRegistry using default registry
33 silly mapToRegistry registry https://registry.npmjs.org/
34 silly mapToRegistry uri https://registry.npmjs.org/n
35 verbose addRemoteTarball https://registry.npmjs.org/n/-/n-2.1.7.tgz not in flight; adding
36 verbose addRemoteTarball [ 'https://registry.npmjs.org/n/-/n-2.1.7.tgz',
36 verbose addRemoteTarball   '13fe032a5bed0797983bddf27eb0606517c73c74' ]
37 info retry fetch attempt 1 at 17:40:44
38 info attempt registry request try #1 at 17:40:44
39 http fetch GET https://registry.npmjs.org/n/-/n-2.1.7.tgz
40 http fetch 200 https://registry.npmjs.org/n/-/n-2.1.7.tgz
41 silly fetchAndShaCheck shasum 13fe032a5bed0797983bddf27eb0606517c73c74
42 verbose addTmpTarball C:\Users\joonsun\AppData\Local\Temp\npm-13524-ab6c30e5\registry.npmjs.org\n\-\n-2.1.7.tgz not in flight; adding
43 verbose addTmpTarball already have metadata; skipping unpack for n@2.1.7
44 silly cache afterAdd n@2.1.7
45 verbose afterAdd C:\Users\joonsun\AppData\Roaming\npm-cache\n\2.1.7\package\package.json not in flight; writing
46 verbose afterAdd C:\Users\joonsun\AppData\Roaming\npm-cache\n\2.1.7\package\package.json written
47 silly install resolved [ { name: 'n',
47 silly install resolved     description: 'Interactively Manage All Your Node Versions',
47 silly install resolved     version: '2.1.7',
47 silly install resolved     author: { name: 'TJ Holowaychuk', email: 'tj@vision-media.ca' },
47 silly install resolved     homepage: 'https://github.com/tj/n',
47 silly install resolved     bugs: { url: 'https://github.com/tj/n/issues' },
47 silly install resolved     contributors: [ [Object], [Object], [Object] ],
47 silly install resolved     keywords:
47 silly install resolved      [ 'nvm',
47 silly install resolved        'node',
47 silly install resolved        'version',
47 silly install resolved        'manager',
47 silly install resolved        'switcher',
47 silly install resolved        'node',
47 silly install resolved        'binary',
47 silly install resolved        'env' ],
47 silly install resolved     bin: { n: './bin/n' },
47 silly install resolved     repository: { type: 'git', url: 'git://github.com/tj/n.git' },
47 silly install resolved     preferGlobal: true,
47 silly install resolved     os: [ '!win32' ],
47 silly install resolved     engines: { node: '*' },
47 silly install resolved     license: 'MIT',
47 silly install resolved     gitHead: 'bcec70577549a9a11d89d10284f8890f0debf6d6',
47 silly install resolved     _id: 'n@2.1.7',
47 silly install resolved     scripts: {},
47 silly install resolved     _shasum: '13fe032a5bed0797983bddf27eb0606517c73c74',
47 silly install resolved     _from: 'n@*',
47 silly install resolved     _npmVersion: '4.4.1',
47 silly install resolved     _nodeVersion: '7.7.3',
47 silly install resolved     _npmUser: { name: 'troy0820', email: 'troy0820@gmail.com' },
47 silly install resolved     dist:
47 silly install resolved      { shasum: '13fe032a5bed0797983bddf27eb0606517c73c74',
47 silly install resolved        tarball: 'https://registry.npmjs.org/n/-/n-2.1.7.tgz' },
47 silly install resolved     maintainers: [ [Object], [Object], [Object], [Object], [Object], [Object] ],
47 silly install resolved     _npmOperationalInternal:
47 silly install resolved      { host: 'packages-12-west.internal.npmjs.com',
47 silly install resolved        tmp: 'tmp/n-2.1.7.tgz_1490918508873_0.5233936926815659' },
47 silly install resolved     directories: {},
47 silly install resolved     _resolved: 'https://registry.npmjs.org/n/-/n-2.1.7.tgz' } ]
48 info install n@2.1.7 into C:\Users\joonsun\AppData\Roaming\npm
49 info installOne n@2.1.7
50 verbose installOne of n to C:\Users\joonsun\AppData\Roaming\npm not in flight; installing
51 verbose lock using C:\Users\joonsun\AppData\Roaming\npm-cache\_locks\n-231b4f1c8eb8c254.lock for C:\Users\joonsun\AppData\Roaming\npm\node_modules\n
52 verbose unlock done using C:\Users\joonsun\AppData\Roaming\npm-cache\_locks\n-231b4f1c8eb8c254.lock for C:\Users\joonsun\AppData\Roaming\npm\node_modules\n
53 verbose stack Error: Unsupported
53 verbose stack     at checkPlatform (C:\Program Files (x86)\nodejs\node_modules\npm\node_modules\npm-install-checks\index.js:47:14)
53 verbose stack     at Array.<anonymous> (C:\Program Files (x86)\nodejs\node_modules\npm\node_modules\slide\lib\bind-actor.js:15:8)
53 verbose stack     at LOOP (C:\Program Files (x86)\nodejs\node_modules\npm\node_modules\slide\lib\chain.js:15:14)
53 verbose stack     at C:\Program Files (x86)\nodejs\node_modules\npm\node_modules\slide\lib\chain.js:18:7
53 verbose stack     at checkEngine (C:\Program Files (x86)\nodejs\node_modules\npm\node_modules\npm-install-checks\index.js:26:10)
53 verbose stack     at Array.<anonymous> (C:\Program Files (x86)\nodejs\node_modules\npm\node_modules\slide\lib\bind-actor.js:15:8)
53 verbose stack     at LOOP (C:\Program Files (x86)\nodejs\node_modules\npm\node_modules\slide\lib\chain.js:15:14)
53 verbose stack     at chain (C:\Program Files (x86)\nodejs\node_modules\npm\node_modules\slide\lib\chain.js:20:5)
53 verbose stack     at C:\Program Files (x86)\nodejs\node_modules\npm\lib\install.js:1037:5
53 verbose stack     at C:\Program Files (x86)\nodejs\node_modules\npm\lib\utils\locker.js:40:9
54 verbose pkgid n@2.1.7
55 verbose cwd C:\kosta151\Spring_STS_Labs\conversation_simple_master
56 error Windows_NT 6.3.9600
57 error argv "C:\\Program Files (x86)\\nodejs\\\\node.exe" "C:\\Program Files (x86)\\nodejs\\node_modules\\npm\\bin\\npm-cli.js" "install" "-g" "n"
58 error node v0.12.7
59 error npm  v2.11.3
60 error code EBADPLATFORM
61 error notsup Unsupported
61 error notsup Not compatible with your operating system or architecture: n@2.1.7
61 error notsup Valid OS:    !win32
61 error notsup Valid Arch:  any
61 error notsup Actual OS:   win32
61 error notsup Actual Arch: ia32
62 verbose exit [ 1, true ]
